27761 ../LibriSpeech/dev-other/5543/27761/5543-27761-0100.mfc
27761 ../LibriSpeech/dev-other/5543/27761/5543-27761-0081.mfc
27761 ../LibriSpeech/dev-other/5543/27761/5543-27761-0040.mfc
27761 ../LibriSpeech/dev-other/5543/27761/5543-27761-0020.mfc
27761 ../LibriSpeech/dev-other/5543/27761/5543-27761-0039.mfc
27761 ../LibriSpeech/dev-other/5543/27761/5543-27761-0091.mfc
27761 ../LibriSpeech/dev-other/5543/27761/5543-27761-0044.mfc
27761 ../LibriSpeech/dev-other/5543/27761/5543-27761-0072.mfc
27761 ../LibriSpeech/dev-other/5543/27761/5543-27761-0098.mfc
27761 ../LibriSpeech/dev-other/5543/27761/5543-27761-0101.mfc
27761 ../LibriSpeech/dev-other/5543/27761/5543-27761-0092.mfc
27761 ../LibriSpeech/dev-other/5543/27761/5543-27761-0063.mfc
27761 ../LibriSpeech/dev-other/5543/27761/5543-27761-0051.mfc
27761 ../LibriSpeech/dev-other/5543/27761/5543-27761-0077.mfc
27761 ../LibriSpeech/dev-other/5543/27761/5543-27761-0041.mfc
27761 ../LibriSpeech/dev-other/5543/27761/5543-27761-0103.mfc
27761 ../LibriSpeech/dev-other/5543/27761/5543-27761-0076.mfc
27761 ../LibriSpeech/dev-other/5543/27761/5543-27761-0052.mfc
27761 ../LibriSpeech/dev-other/5543/27761/5543-27761-0050.mfc
27761 ../LibriSpeech/dev-other/5543/27761/5543-27761-0010.mfc
27761 ../LibriSpeech/dev-other/5543/27761/5543-27761-0048.mfc
27761 ../LibriSpeech/dev-other/5543/27761/5543-27761-0083.mfc
27761 ../LibriSpeech/dev-other/5543/27761/5543-27761-0069.mfc
27761 ../LibriSpeech/dev-other/5543/27761/5543-27761-0017.mfc
27761 ../LibriSpeech/dev-other/5543/27761/5543-27761-0065.mfc
27761 ../LibriSpeech/dev-other/5543/27761/5543-27761-0085.mfc
27761 ../LibriSpeech/dev-other/5543/27761/5543-27761-0000.mfc
27761 ../LibriSpeech/dev-other/5543/27761/5543-27761-0053.mfc
27761 ../LibriSpeech/dev-other/5543/27761/5543-27761-0067.mfc
27761 ../LibriSpeech/dev-other/5543/27761/5543-27761-0026.mfc
27761 ../LibriSpeech/dev-other/5543/27761/5543-27761-0084.mfc
27761 ../LibriSpeech/dev-other/5543/27761/5543-27761-0029.mfc
27761 ../LibriSpeech/dev-other/5543/27761/5543-27761-0059.mfc
27761 ../LibriSpeech/dev-other/5543/27761/5543-27761-0070.mfc
27761 ../LibriSpeech/dev-other/5543/27761/5543-27761-0095.mfc
27761 ../LibriSpeech/dev-other/5543/27761/5543-27761-0007.mfc
27761 ../LibriSpeech/dev-other/5543/27761/5543-27761-0054.mfc
27761 ../LibriSpeech/dev-other/5543/27761/5543-27761-0086.mfc
27761 ../LibriSpeech/dev-other/5543/27761/5543-27761-0080.mfc
27761 ../LibriSpeech/dev-other/5543/27761/5543-27761-0073.mfc
27761 ../LibriSpeech/dev-other/5543/27761/5543-27761-0015.mfc
27761 ../LibriSpeech/dev-other/5543/27761/5543-27761-0012.mfc
27761 ../LibriSpeech/dev-other/5543/27761/5543-27761-0004.mfc
27761 ../LibriSpeech/dev-other/5543/27761/5543-27761-0005.mfc
27761 ../LibriSpeech/dev-other/5543/27761/5543-27761-0106.mfc
27761 ../LibriSpeech/dev-other/5543/27761/5543-27761-0027.mfc
27761 ../LibriSpeech/dev-other/5543/27761/5543-27761-0105.mfc
27761 ../LibriSpeech/dev-other/5543/27761/5543-27761-0090.mfc
27761 ../LibriSpeech/dev-other/5543/27761/5543-27761-0047.mfc
27761 ../LibriSpeech/dev-other/5543/27761/5543-27761-0019.mfc
27761 ../LibriSpeech/dev-other/5543/27761/5543-27761-0104.mfc
27761 ../LibriSpeech/dev-other/5543/27761/5543-27761-0006.mfc
27761 ../LibriSpeech/dev-other/5543/27761/5543-27761-0093.mfc
27761 ../LibriSpeech/dev-other/5543/27761/5543-27761-0011.mfc
27761 ../LibriSpeech/dev-other/5543/27761/5543-27761-0038.mfc
27761 ../LibriSpeech/dev-other/5543/27761/5543-27761-0088.mfc
27761 ../LibriSpeech/dev-other/5543/27761/5543-27761-0030.mfc
27761 ../LibriSpeech/dev-other/5543/27761/5543-27761-0060.mfc
27761 ../LibriSpeech/dev-other/5543/27761/5543-27761-0055.mfc
27761 ../LibriSpeech/dev-other/5543/27761/5543-27761-0036.mfc
27761 ../LibriSpeech/dev-other/5543/27761/5543-27761-0035.mfc
27761 ../LibriSpeech/dev-other/5543/27761/5543-27761-0068.mfc
27761 ../LibriSpeech/dev-other/5543/27761/5543-27761-0018.mfc
27761 ../LibriSpeech/dev-other/5543/27761/5543-27761-0096.mfc
27761 ../LibriSpeech/dev-other/5543/27761/5543-27761-0046.mfc
27761 ../LibriSpeech/dev-other/5543/27761/5543-27761-0021.mfc
27761 ../LibriSpeech/dev-other/5543/27761/5543-27761-0071.mfc
27761 ../LibriSpeech/dev-other/5543/27761/5543-27761-0003.mfc
27761 ../LibriSpeech/dev-other/5543/27761/5543-27761-0057.mfc
27761 ../LibriSpeech/dev-other/5543/27761/5543-27761-0022.mfc
27761 ../LibriSpeech/dev-other/5543/27761/5543-27761-0062.mfc
27761 ../LibriSpeech/dev-other/5543/27761/5543-27761-0099.mfc
27761 ../LibriSpeech/dev-other/5543/27761/5543-27761-0008.mfc
27761 ../LibriSpeech/dev-other/5543/27761/5543-27761-0043.mfc
27761 ../LibriSpeech/dev-other/5543/27761/5543-27761-0037.mfc
27761 ../LibriSpeech/dev-other/5543/27761/5543-27761-0064.mfc
27761 ../LibriSpeech/dev-other/5543/27761/5543-27761-0074.mfc
27761 ../LibriSpeech/dev-other/5543/27761/5543-27761-0078.mfc
27761 ../LibriSpeech/dev-other/5543/27761/5543-27761-0094.mfc
27761 ../LibriSpeech/dev-other/5543/27761/5543-27761-0066.mfc
27761 ../LibriSpeech/dev-other/5543/27761/5543-27761-0013.mfc
27761 ../LibriSpeech/dev-other/5543/27761/5543-27761-0033.mfc
27761 ../LibriSpeech/dev-other/5543/27761/5543-27761-0102.mfc
27761 ../LibriSpeech/dev-other/5543/27761/5543-27761-0034.mfc
27761 ../LibriSpeech/dev-other/5543/27761/5543-27761-0001.mfc
27761 ../LibriSpeech/dev-other/5543/27761/5543-27761-0058.mfc
27761 ../LibriSpeech/dev-other/5543/27761/5543-27761-0025.mfc
27761 ../LibriSpeech/dev-other/5543/27761/5543-27761-0097.mfc
27761 ../LibriSpeech/dev-other/5543/27761/5543-27761-0009.mfc
27761 ../LibriSpeech/dev-other/5543/27761/5543-27761-0032.mfc
27761 ../LibriSpeech/dev-other/5543/27761/5543-27761-0023.mfc
27761 ../LibriSpeech/dev-other/5543/27761/5543-27761-0079.mfc
27761 ../LibriSpeech/dev-other/5543/27761/5543-27761-0002.mfc
27761 ../LibriSpeech/dev-other/5543/27761/5543-27761-0031.mfc
27761 ../LibriSpeech/dev-other/5543/27761/5543-27761-0045.mfc
27761 ../LibriSpeech/dev-other/5543/27761/5543-27761-0042.mfc
27761 ../LibriSpeech/dev-other/5543/27761/5543-27761-0028.mfc
27761 ../LibriSpeech/dev-other/5543/27761/5543-27761-0089.mfc
27761 ../LibriSpeech/dev-other/5543/27761/5543-27761-0049.mfc
27761 ../LibriSpeech/dev-other/5543/27761/5543-27761-0087.mfc
27761 ../LibriSpeech/dev-other/5543/27761/5543-27761-0061.mfc
27761 ../LibriSpeech/dev-other/5543/27761/5543-27761-0082.mfc
27761 ../LibriSpeech/dev-other/5543/27761/5543-27761-0016.mfc
27761 ../LibriSpeech/dev-other/5543/27761/5543-27761-0056.mfc
27761 ../LibriSpeech/dev-other/5543/27761/5543-27761-0014.mfc
27761 ../LibriSpeech/dev-other/5543/27761/5543-27761-0075.mfc
142845 ../LibriSpeech/dev-clean/2078/142845/2078-142845-0049.mfc
142845 ../LibriSpeech/dev-clean/2078/142845/2078-142845-0025.mfc
142845 ../LibriSpeech/dev-clean/2078/142845/2078-142845-0006.mfc
142845 ../LibriSpeech/dev-clean/2078/142845/2078-142845-0001.mfc
142845 ../LibriSpeech/dev-clean/2078/142845/2078-142845-0021.mfc
142845 ../LibriSpeech/dev-clean/2078/142845/2078-142845-0044.mfc
142845 ../LibriSpeech/dev-clean/2078/142845/2078-142845-0017.mfc
142845 ../LibriSpeech/dev-clean/2078/142845/2078-142845-0031.mfc
142845 ../LibriSpeech/dev-clean/2078/142845/2078-142845-0042.mfc
142845 ../LibriSpeech/dev-clean/2078/142845/2078-142845-0024.mfc
142845 ../LibriSpeech/dev-clean/2078/142845/2078-142845-0035.mfc
142845 ../LibriSpeech/dev-clean/2078/142845/2078-142845-0051.mfc
142845 ../LibriSpeech/dev-clean/2078/142845/2078-142845-0027.mfc
142845 ../LibriSpeech/dev-clean/2078/142845/2078-142845-0011.mfc
142845 ../LibriSpeech/dev-clean/2078/142845/2078-142845-0007.mfc
142845 ../LibriSpeech/dev-clean/2078/142845/2078-142845-0003.mfc
142845 ../LibriSpeech/dev-clean/2078/142845/2078-142845-0038.mfc
142845 ../LibriSpeech/dev-clean/2078/142845/2078-142845-0045.mfc
142845 ../LibriSpeech/dev-clean/2078/142845/2078-142845-0004.mfc
142845 ../LibriSpeech/dev-clean/2078/142845/2078-142845-0018.mfc
142845 ../LibriSpeech/dev-clean/2078/142845/2078-142845-0008.mfc
142845 ../LibriSpeech/dev-clean/2078/142845/2078-142845-0046.mfc
142845 ../LibriSpeech/dev-clean/2078/142845/2078-142845-0013.mfc
142845 ../LibriSpeech/dev-clean/2078/142845/2078-142845-0048.mfc
142845 ../LibriSpeech/dev-clean/2078/142845/2078-142845-0016.mfc
142845 ../LibriSpeech/dev-clean/2078/142845/2078-142845-0047.mfc
142845 ../LibriSpeech/dev-clean/2078/142845/2078-142845-0023.mfc
142845 ../LibriSpeech/dev-clean/2078/142845/2078-142845-0036.mfc
142845 ../LibriSpeech/dev-clean/2078/142845/2078-142845-0037.mfc
142845 ../LibriSpeech/dev-clean/2078/142845/2078-142845-0002.mfc
142845 ../LibriSpeech/dev-clean/2078/142845/2078-142845-0005.mfc
142845 ../LibriSpeech/dev-clean/2078/142845/2078-142845-0019.mfc
142845 ../LibriSpeech/dev-clean/2078/142845/2078-142845-0020.mfc
142845 ../LibriSpeech/dev-clean/2078/142845/2078-142845-0010.mfc
142845 ../LibriSpeech/dev-clean/2078/142845/2078-142845-0033.mfc
142845 ../LibriSpeech/dev-clean/2078/142845/2078-142845-0041.mfc
142845 ../LibriSpeech/dev-clean/2078/142845/2078-142845-0030.mfc
142845 ../LibriSpeech/dev-clean/2078/142845/2078-142845-0022.mfc
142845 ../LibriSpeech/dev-clean/2078/142845/2078-142845-0028.mfc
142845 ../LibriSpeech/dev-clean/2078/142845/2078-142845-0040.mfc
142845 ../LibriSpeech/dev-clean/2078/142845/2078-142845-0026.mfc
142845 ../LibriSpeech/dev-clean/2078/142845/2078-142845-0050.mfc
142845 ../LibriSpeech/dev-clean/2078/142845/2078-142845-0034.mfc
142845 ../LibriSpeech/dev-clean/2078/142845/2078-142845-0009.mfc
142845 ../LibriSpeech/dev-clean/2078/142845/2078-142845-0043.mfc
142845 ../LibriSpeech/dev-clean/2078/142845/2078-142845-0012.mfc
142845 ../LibriSpeech/dev-clean/2078/142845/2078-142845-0032.mfc
142845 ../LibriSpeech/dev-clean/2078/142845/2078-142845-0029.mfc
142845 ../LibriSpeech/dev-clean/2078/142845/2078-142845-0014.mfc
142845 ../LibriSpeech/dev-clean/2078/142845/2078-142845-0000.mfc
142845 ../LibriSpeech/dev-clean/2078/142845/2078-142845-0039.mfc
66379 ../LibriSpeech/dev-other/6455/66379/6455-66379-0005.mfc
66379 ../LibriSpeech/dev-other/6455/66379/6455-66379-0015.mfc
66379 ../LibriSpeech/dev-other/6455/66379/6455-66379-0010.mfc
66379 ../LibriSpeech/dev-other/6455/66379/6455-66379-0007.mfc
66379 ../LibriSpeech/dev-other/6455/66379/6455-66379-0011.mfc
66379 ../LibriSpeech/dev-other/6455/66379/6455-66379-0013.mfc
66379 ../LibriSpeech/dev-other/6455/66379/6455-66379-0014.mfc
66379 ../LibriSpeech/dev-other/6455/66379/6455-66379-0001.mfc
66379 ../LibriSpeech/dev-other/6455/66379/6455-66379-0009.mfc
66379 ../LibriSpeech/dev-other/6455/66379/6455-66379-0002.mfc
66379 ../LibriSpeech/dev-other/6455/66379/6455-66379-0017.mfc
66379 ../LibriSpeech/dev-other/6455/66379/6455-66379-0008.mfc
66379 ../LibriSpeech/dev-other/6455/66379/6455-66379-0019.mfc
66379 ../LibriSpeech/dev-other/6455/66379/6455-66379-0012.mfc
66379 ../LibriSpeech/dev-other/6455/66379/6455-66379-0006.mfc
66379 ../LibriSpeech/dev-other/6455/66379/6455-66379-0004.mfc
66379 ../LibriSpeech/dev-other/6455/66379/6455-66379-0016.mfc
66379 ../LibriSpeech/dev-other/6455/66379/6455-66379-0003.mfc
66379 ../LibriSpeech/dev-other/6455/66379/6455-66379-0018.mfc
153947 ../LibriSpeech/dev-clean/2412/153947/2412-153947-0016.mfc
153947 ../LibriSpeech/dev-clean/2412/153947/2412-153947-0014.mfc
153947 ../LibriSpeech/dev-clean/2412/153947/2412-153947-0006.mfc
153947 ../LibriSpeech/dev-clean/2412/153947/2412-153947-0005.mfc
153947 ../LibriSpeech/dev-clean/2412/153947/2412-153947-0015.mfc
153947 ../LibriSpeech/dev-clean/2412/153947/2412-153947-0009.mfc
153947 ../LibriSpeech/dev-clean/2412/153947/2412-153947-0013.mfc
153947 ../LibriSpeech/dev-clean/2412/153947/2412-153947-0000.mfc
153947 ../LibriSpeech/dev-clean/2412/153947/2412-153947-0007.mfc
153947 ../LibriSpeech/dev-clean/2412/153947/2412-153947-0012.mfc
153947 ../LibriSpeech/dev-clean/2412/153947/2412-153947-0008.mfc
153947 ../LibriSpeech/dev-clean/2412/153947/2412-153947-0002.mfc
153947 ../LibriSpeech/dev-clean/2412/153947/2412-153947-0010.mfc
153947 ../LibriSpeech/dev-clean/2412/153947/2412-153947-0003.mfc
153947 ../LibriSpeech/dev-clean/2412/153947/2412-153947-0001.mfc
153947 ../LibriSpeech/dev-clean/2412/153947/2412-153947-0011.mfc
34615 ../LibriSpeech/dev-clean/5895/34615/5895-34615-0001.mfc
34615 ../LibriSpeech/dev-clean/5895/34615/5895-34615-0019.mfc
34615 ../LibriSpeech/dev-clean/5895/34615/5895-34615-0009.mfc
34615 ../LibriSpeech/dev-clean/5895/34615/5895-34615-0012.mfc
34615 ../LibriSpeech/dev-clean/5895/34615/5895-34615-0005.mfc
34615 ../LibriSpeech/dev-clean/5895/34615/5895-34615-0004.mfc
34615 ../LibriSpeech/dev-clean/5895/34615/5895-34615-0015.mfc
34615 ../LibriSpeech/dev-clean/5895/34615/5895-34615-0018.mfc
34615 ../LibriSpeech/dev-clean/5895/34615/5895-34615-0014.mfc
34615 ../LibriSpeech/dev-clean/5895/34615/5895-34615-0002.mfc
34615 ../LibriSpeech/dev-clean/5895/34615/5895-34615-0013.mfc
34615 ../LibriSpeech/dev-clean/5895/34615/5895-34615-0008.mfc
34615 ../LibriSpeech/dev-clean/5895/34615/5895-34615-0017.mfc
34615 ../LibriSpeech/dev-clean/5895/34615/5895-34615-0006.mfc
34615 ../LibriSpeech/dev-clean/5895/34615/5895-34615-0021.mfc
34615 ../LibriSpeech/dev-clean/5895/34615/5895-34615-0016.mfc
34615 ../LibriSpeech/dev-clean/5895/34615/5895-34615-0000.mfc
34615 ../LibriSpeech/dev-clean/5895/34615/5895-34615-0011.mfc
34615 ../LibriSpeech/dev-clean/5895/34615/5895-34615-0003.mfc
34615 ../LibriSpeech/dev-clean/5895/34615/5895-34615-0020.mfc
34615 ../LibriSpeech/dev-clean/5895/34615/5895-34615-0010.mfc
172528 ../LibriSpeech/dev-other/3663/172528/3663-172528-0043.mfc
172528 ../LibriSpeech/dev-other/3663/172528/3663-172528-0017.mfc
172528 ../LibriSpeech/dev-other/3663/172528/3663-172528-0008.mfc
172528 ../LibriSpeech/dev-other/3663/172528/3663-172528-0011.mfc
172528 ../LibriSpeech/dev-other/3663/172528/3663-172528-0041.mfc
172528 ../LibriSpeech/dev-other/3663/172528/3663-172528-0038.mfc
172528 ../LibriSpeech/dev-other/3663/172528/3663-172528-0040.mfc
172528 ../LibriSpeech/dev-other/3663/172528/3663-172528-0049.mfc
172528 ../LibriSpeech/dev-other/3663/172528/3663-172528-0046.mfc
172528 ../LibriSpeech/dev-other/3663/172528/3663-172528-0010.mfc
172528 ../LibriSpeech/dev-other/3663/172528/3663-172528-0015.mfc
172528 ../LibriSpeech/dev-other/3663/172528/3663-172528-0035.mfc
172528 ../LibriSpeech/dev-other/3663/172528/3663-172528-0020.mfc
172528 ../LibriSpeech/dev-other/3663/172528/3663-172528-0013.mfc
172528 ../LibriSpeech/dev-other/3663/172528/3663-172528-0042.mfc
172528 ../LibriSpeech/dev-other/3663/172528/3663-172528-0047.mfc
172528 ../LibriSpeech/dev-other/3663/172528/3663-172528-0009.mfc
172528 ../LibriSpeech/dev-other/3663/172528/3663-172528-0002.mfc
172528 ../LibriSpeech/dev-other/3663/172528/3663-172528-0054.mfc
172528 ../LibriSpeech/dev-other/3663/172528/3663-172528-0012.mfc
172528 ../LibriSpeech/dev-other/3663/172528/3663-172528-0021.mfc
172528 ../LibriSpeech/dev-other/3663/172528/3663-172528-0019.mfc
172528 ../LibriSpeech/dev-other/3663/172528/3663-172528-0037.mfc
172528 ../LibriSpeech/dev-other/3663/172528/3663-172528-0023.mfc
172528 ../LibriSpeech/dev-other/3663/172528/3663-172528-0004.mfc
172528 ../LibriSpeech/dev-other/3663/172528/3663-172528-0028.mfc
172528 ../LibriSpeech/dev-other/3663/172528/3663-172528-0034.mfc
172528 ../LibriSpeech/dev-other/3663/172528/3663-172528-0001.mfc
172528 ../LibriSpeech/dev-other/3663/172528/3663-172528-0027.mfc
172528 ../LibriSpeech/dev-other/3663/172528/3663-172528-0051.mfc
172528 ../LibriSpeech/dev-other/3663/172528/3663-172528-0044.mfc
172528 ../LibriSpeech/dev-other/3663/172528/3663-172528-0053.mfc
172528 ../LibriSpeech/dev-other/3663/172528/3663-172528-0018.mfc
172528 ../LibriSpeech/dev-other/3663/172528/3663-172528-0024.mfc
172528 ../LibriSpeech/dev-other/3663/172528/3663-172528-0048.mfc
172528 ../LibriSpeech/dev-other/3663/172528/3663-172528-0050.mfc
172528 ../LibriSpeech/dev-other/3663/172528/3663-172528-0005.mfc
172528 ../LibriSpeech/dev-other/3663/172528/3663-172528-0030.mfc
172528 ../LibriSpeech/dev-other/3663/172528/3663-172528-0052.mfc
172528 ../LibriSpeech/dev-other/3663/172528/3663-172528-0029.mfc
172528 ../LibriSpeech/dev-other/3663/172528/3663-172528-0036.mfc
172528 ../LibriSpeech/dev-other/3663/172528/3663-172528-0016.mfc
172528 ../LibriSpeech/dev-other/3663/172528/3663-172528-0007.mfc
172528 ../LibriSpeech/dev-other/3663/172528/3663-172528-0031.mfc
172528 ../LibriSpeech/dev-other/3663/172528/3663-172528-0022.mfc
172528 ../LibriSpeech/dev-other/3663/172528/3663-172528-0032.mfc
172528 ../LibriSpeech/dev-other/3663/172528/3663-172528-0000.mfc
172528 ../LibriSpeech/dev-other/3663/172528/3663-172528-0025.mfc
172528 ../LibriSpeech/dev-other/3663/172528/3663-172528-0014.mfc
172528 ../LibriSpeech/dev-other/3663/172528/3663-172528-0026.mfc
172528 ../LibriSpeech/dev-other/3663/172528/3663-172528-0045.mfc
172528 ../LibriSpeech/dev-other/3663/172528/3663-172528-0033.mfc
172528 ../LibriSpeech/dev-other/3663/172528/3663-172528-0039.mfc
172528 ../LibriSpeech/dev-other/3663/172528/3663-172528-0006.mfc
121123 ../LibriSpeech/dev-clean/84/121123/84-121123-0024.mfc
121123 ../LibriSpeech/dev-clean/84/121123/84-121123-0020.mfc
121123 ../LibriSpeech/dev-clean/84/121123/84-121123-0007.mfc
121123 ../LibriSpeech/dev-clean/84/121123/84-121123-0005.mfc
121123 ../LibriSpeech/dev-clean/84/121123/84-121123-0006.mfc
121123 ../LibriSpeech/dev-clean/84/121123/84-121123-0004.mfc
121123 ../LibriSpeech/dev-clean/84/121123/84-121123-0027.mfc
121123 ../LibriSpeech/dev-clean/84/121123/84-121123-0002.mfc
121123 ../LibriSpeech/dev-clean/84/121123/84-121123-0001.mfc
121123 ../LibriSpeech/dev-clean/84/121123/84-121123-0009.mfc
121123 ../LibriSpeech/dev-clean/84/121123/84-121123-0014.mfc
121123 ../LibriSpeech/dev-clean/84/121123/84-121123-0021.mfc
121123 ../LibriSpeech/dev-clean/84/121123/84-121123-0013.mfc
121123 ../LibriSpeech/dev-clean/84/121123/84-121123-0010.mfc
121123 ../LibriSpeech/dev-clean/84/121123/84-121123-0026.mfc
121123 ../LibriSpeech/dev-clean/84/121123/84-121123-0008.mfc
121123 ../LibriSpeech/dev-clean/84/121123/84-121123-0019.mfc
121123 ../LibriSpeech/dev-clean/84/121123/84-121123-0028.mfc
121123 ../LibriSpeech/dev-clean/84/121123/84-121123-0023.mfc
121123 ../LibriSpeech/dev-clean/84/121123/84-121123-0025.mfc
121123 ../LibriSpeech/dev-clean/84/121123/84-121123-0000.mfc
121123 ../LibriSpeech/dev-clean/84/121123/84-121123-0017.mfc
121123 ../LibriSpeech/dev-clean/84/121123/84-121123-0003.mfc
121123 ../LibriSpeech/dev-clean/84/121123/84-121123-0012.mfc
121123 ../LibriSpeech/dev-clean/84/121123/84-121123-0011.mfc
121123 ../LibriSpeech/dev-clean/84/121123/84-121123-0015.mfc
121123 ../LibriSpeech/dev-clean/84/121123/84-121123-0018.mfc
121123 ../LibriSpeech/dev-clean/84/121123/84-121123-0016.mfc
286674 ../LibriSpeech/dev-clean/7850/286674/7850-286674-0005.mfc
286674 ../LibriSpeech/dev-clean/7850/286674/7850-286674-0003.mfc
286674 ../LibriSpeech/dev-clean/7850/286674/7850-286674-0013.mfc
286674 ../LibriSpeech/dev-clean/7850/286674/7850-286674-0006.mfc
286674 ../LibriSpeech/dev-clean/7850/286674/7850-286674-0009.mfc
286674 ../LibriSpeech/dev-clean/7850/286674/7850-286674-0011.mfc
286674 ../LibriSpeech/dev-clean/7850/286674/7850-286674-0000.mfc
286674 ../LibriSpeech/dev-clean/7850/286674/7850-286674-0012.mfc
286674 ../LibriSpeech/dev-clean/7850/286674/7850-286674-0015.mfc
286674 ../LibriSpeech/dev-clean/7850/286674/7850-286674-0007.mfc
286674 ../LibriSpeech/dev-clean/7850/286674/7850-286674-0004.mfc
286674 ../LibriSpeech/dev-clean/7850/286674/7850-286674-0014.mfc
286674 ../LibriSpeech/dev-clean/7850/286674/7850-286674-0008.mfc
286674 ../LibriSpeech/dev-clean/7850/286674/7850-286674-0016.mfc
286674 ../LibriSpeech/dev-clean/7850/286674/7850-286674-0001.mfc
286674 ../LibriSpeech/dev-clean/7850/286674/7850-286674-0002.mfc
286674 ../LibriSpeech/dev-clean/7850/286674/7850-286674-0010.mfc
65525 ../LibriSpeech/dev-other/6267/65525/6267-65525-0048.mfc
65525 ../LibriSpeech/dev-other/6267/65525/6267-65525-0024.mfc
65525 ../LibriSpeech/dev-other/6267/65525/6267-65525-0047.mfc
65525 ../LibriSpeech/dev-other/6267/65525/6267-65525-0026.mfc
65525 ../LibriSpeech/dev-other/6267/65525/6267-65525-0020.mfc
65525 ../LibriSpeech/dev-other/6267/65525/6267-65525-0054.mfc
65525 ../LibriSpeech/dev-other/6267/65525/6267-65525-0034.mfc
65525 ../LibriSpeech/dev-other/6267/65525/6267-65525-0000.mfc
65525 ../LibriSpeech/dev-other/6267/65525/6267-65525-0051.mfc
65525 ../LibriSpeech/dev-other/6267/65525/6267-65525-0022.mfc
65525 ../LibriSpeech/dev-other/6267/65525/6267-65525-0040.mfc
65525 ../LibriSpeech/dev-other/6267/65525/6267-65525-0009.mfc
65525 ../LibriSpeech/dev-other/6267/65525/6267-65525-0049.mfc
65525 ../LibriSpeech/dev-other/6267/65525/6267-65525-0006.mfc
65525 ../LibriSpeech/dev-other/6267/65525/6267-65525-0015.mfc
65525 ../LibriSpeech/dev-other/6267/65525/6267-65525-0030.mfc
65525 ../LibriSpeech/dev-other/6267/65525/6267-65525-0041.mfc
65525 ../LibriSpeech/dev-other/6267/65525/6267-65525-0043.mfc
65525 ../LibriSpeech/dev-other/6267/65525/6267-65525-0038.mfc
65525 ../LibriSpeech/dev-other/6267/65525/6267-65525-0053.mfc
65525 ../LibriSpeech/dev-other/6267/65525/6267-65525-0023.mfc
65525 ../LibriSpeech/dev-other/6267/65525/6267-65525-0029.mfc
65525 ../LibriSpeech/dev-other/6267/65525/6267-65525-0044.mfc
65525 ../LibriSpeech/dev-other/6267/65525/6267-65525-0032.mfc
65525 ../LibriSpeech/dev-other/6267/65525/6267-65525-0027.mfc
65525 ../LibriSpeech/dev-other/6267/65525/6267-65525-0052.mfc
65525 ../LibriSpeech/dev-other/6267/65525/6267-65525-0004.mfc
65525 ../LibriSpeech/dev-other/6267/65525/6267-65525-0002.mfc
65525 ../LibriSpeech/dev-other/6267/65525/6267-65525-0045.mfc
65525 ../LibriSpeech/dev-other/6267/65525/6267-65525-0055.mfc
65525 ../LibriSpeech/dev-other/6267/65525/6267-65525-0028.mfc
65525 ../LibriSpeech/dev-other/6267/65525/6267-65525-0007.mfc
65525 ../LibriSpeech/dev-other/6267/65525/6267-65525-0042.mfc
65525 ../LibriSpeech/dev-other/6267/65525/6267-65525-0001.mfc
65525 ../LibriSpeech/dev-other/6267/65525/6267-65525-0037.mfc
65525 ../LibriSpeech/dev-other/6267/65525/6267-65525-0058.mfc
65525 ../LibriSpeech/dev-other/6267/65525/6267-65525-0014.mfc
65525 ../LibriSpeech/dev-other/6267/65525/6267-65525-0025.mfc
65525 ../LibriSpeech/dev-other/6267/65525/6267-65525-0003.mfc
65525 ../LibriSpeech/dev-other/6267/65525/6267-65525-0050.mfc
65525 ../LibriSpeech/dev-other/6267/65525/6267-65525-0016.mfc
65525 ../LibriSpeech/dev-other/6267/65525/6267-65525-0036.mfc
65525 ../LibriSpeech/dev-other/6267/65525/6267-65525-0012.mfc
65525 ../LibriSpeech/dev-other/6267/65525/6267-65525-0031.mfc
65525 ../LibriSpeech/dev-other/6267/65525/6267-65525-0033.mfc
65525 ../LibriSpeech/dev-other/6267/65525/6267-65525-0046.mfc
65525 ../LibriSpeech/dev-other/6267/65525/6267-65525-0011.mfc
65525 ../LibriSpeech/dev-other/6267/65525/6267-65525-0017.mfc
65525 ../LibriSpeech/dev-other/6267/65525/6267-65525-0021.mfc
65525 ../LibriSpeech/dev-other/6267/65525/6267-65525-0018.mfc
65525 ../LibriSpeech/dev-other/6267/65525/6267-65525-0059.mfc
65525 ../LibriSpeech/dev-other/6267/65525/6267-65525-0010.mfc
65525 ../LibriSpeech/dev-other/6267/65525/6267-65525-0039.mfc
65525 ../LibriSpeech/dev-other/6267/65525/6267-65525-0008.mfc
65525 ../LibriSpeech/dev-other/6267/65525/6267-65525-0019.mfc
65525 ../LibriSpeech/dev-other/6267/65525/6267-65525-0005.mfc
65525 ../LibriSpeech/dev-other/6267/65525/6267-65525-0013.mfc
65525 ../LibriSpeech/dev-other/6267/65525/6267-65525-0056.mfc
65525 ../LibriSpeech/dev-other/6267/65525/6267-65525-0057.mfc
110124 ../LibriSpeech/dev-clean/7976/110124/7976-110124-0012.mfc
110124 ../LibriSpeech/dev-clean/7976/110124/7976-110124-0011.mfc
110124 ../LibriSpeech/dev-clean/7976/110124/7976-110124-0016.mfc
110124 ../LibriSpeech/dev-clean/7976/110124/7976-110124-0014.mfc
110124 ../LibriSpeech/dev-clean/7976/110124/7976-110124-0013.mfc
110124 ../LibriSpeech/dev-clean/7976/110124/7976-110124-0020.mfc
110124 ../LibriSpeech/dev-clean/7976/110124/7976-110124-0008.mfc
110124 ../LibriSpeech/dev-clean/7976/110124/7976-110124-0025.mfc
110124 ../LibriSpeech/dev-clean/7976/110124/7976-110124-0019.mfc
110124 ../LibriSpeech/dev-clean/7976/110124/7976-110124-0018.mfc
110124 ../LibriSpeech/dev-clean/7976/110124/7976-110124-0000.mfc
110124 ../LibriSpeech/dev-clean/7976/110124/7976-110124-0004.mfc
110124 ../LibriSpeech/dev-clean/7976/110124/7976-110124-0021.mfc
110124 ../LibriSpeech/dev-clean/7976/110124/7976-110124-0002.mfc
110124 ../LibriSpeech/dev-clean/7976/110124/7976-110124-0023.mfc
110124 ../LibriSpeech/dev-clean/7976/110124/7976-110124-0006.mfc
110124 ../LibriSpeech/dev-clean/7976/110124/7976-110124-0015.mfc
110124 ../LibriSpeech/dev-clean/7976/110124/7976-110124-0017.mfc
110124 ../LibriSpeech/dev-clean/7976/110124/7976-110124-0022.mfc
110124 ../LibriSpeech/dev-clean/7976/110124/7976-110124-0001.mfc
110124 ../LibriSpeech/dev-clean/7976/110124/7976-110124-0009.mfc
110124 ../LibriSpeech/dev-clean/7976/110124/7976-110124-0007.mfc
110124 ../LibriSpeech/dev-clean/7976/110124/7976-110124-0010.mfc
110124 ../LibriSpeech/dev-clean/7976/110124/7976-110124-0003.mfc
110124 ../LibriSpeech/dev-clean/7976/110124/7976-110124-0005.mfc
105815 ../LibriSpeech/dev-other/7697/105815/7697-105815-0012.mfc
105815 ../LibriSpeech/dev-other/7697/105815/7697-105815-0011.mfc
105815 ../LibriSpeech/dev-other/7697/105815/7697-105815-0020.mfc
105815 ../LibriSpeech/dev-other/7697/105815/7697-105815-0029.mfc
105815 ../LibriSpeech/dev-other/7697/105815/7697-105815-0023.mfc
105815 ../LibriSpeech/dev-other/7697/105815/7697-105815-0038.mfc
105815 ../LibriSpeech/dev-other/7697/105815/7697-105815-0006.mfc
105815 ../LibriSpeech/dev-other/7697/105815/7697-105815-0043.mfc
105815 ../LibriSpeech/dev-other/7697/105815/7697-105815-0033.mfc
105815 ../LibriSpeech/dev-other/7697/105815/7697-105815-0018.mfc
105815 ../LibriSpeech/dev-other/7697/105815/7697-105815-0046.mfc
105815 ../LibriSpeech/dev-other/7697/105815/7697-105815-0019.mfc
105815 ../LibriSpeech/dev-other/7697/105815/7697-105815-0014.mfc
105815 ../LibriSpeech/dev-other/7697/105815/7697-105815-0000.mfc
105815 ../LibriSpeech/dev-other/7697/105815/7697-105815-0050.mfc
105815 ../LibriSpeech/dev-other/7697/105815/7697-105815-0045.mfc
105815 ../LibriSpeech/dev-other/7697/105815/7697-105815-0052.mfc
105815 ../LibriSpeech/dev-other/7697/105815/7697-105815-0032.mfc
105815 ../LibriSpeech/dev-other/7697/105815/7697-105815-0015.mfc
105815 ../LibriSpeech/dev-other/7697/105815/7697-105815-0027.mfc
105815 ../LibriSpeech/dev-other/7697/105815/7697-105815-0017.mfc
105815 ../LibriSpeech/dev-other/7697/105815/7697-105815-0028.mfc
105815 ../LibriSpeech/dev-other/7697/105815/7697-105815-0044.mfc
105815 ../LibriSpeech/dev-other/7697/105815/7697-105815-0049.mfc
105815 ../LibriSpeech/dev-other/7697/105815/7697-105815-0013.mfc
105815 ../LibriSpeech/dev-other/7697/105815/7697-105815-0004.mfc
105815 ../LibriSpeech/dev-other/7697/105815/7697-105815-0041.mfc
105815 ../LibriSpeech/dev-other/7697/105815/7697-105815-0021.mfc
105815 ../LibriSpeech/dev-other/7697/105815/7697-105815-0039.mfc
105815 ../LibriSpeech/dev-other/7697/105815/7697-105815-0051.mfc
105815 ../LibriSpeech/dev-other/7697/105815/7697-105815-0047.mfc
105815 ../LibriSpeech/dev-other/7697/105815/7697-105815-0030.mfc
105815 ../LibriSpeech/dev-other/7697/105815/7697-105815-0025.mfc
105815 ../LibriSpeech/dev-other/7697/105815/7697-105815-0003.mfc
105815 ../LibriSpeech/dev-other/7697/105815/7697-105815-0035.mfc
105815 ../LibriSpeech/dev-other/7697/105815/7697-105815-0034.mfc
105815 ../LibriSpeech/dev-other/7697/105815/7697-105815-0040.mfc
105815 ../LibriSpeech/dev-other/7697/105815/7697-105815-0024.mfc
105815 ../LibriSpeech/dev-other/7697/105815/7697-105815-0037.mfc
105815 ../LibriSpeech/dev-other/7697/105815/7697-105815-0010.mfc
105815 ../LibriSpeech/dev-other/7697/105815/7697-105815-0048.mfc
105815 ../LibriSpeech/dev-other/7697/105815/7697-105815-0053.mfc
105815 ../LibriSpeech/dev-other/7697/105815/7697-105815-0031.mfc
105815 ../LibriSpeech/dev-other/7697/105815/7697-105815-0002.mfc
105815 ../LibriSpeech/dev-other/7697/105815/7697-105815-0009.mfc
105815 ../LibriSpeech/dev-other/7697/105815/7697-105815-0005.mfc
105815 ../LibriSpeech/dev-other/7697/105815/7697-105815-0016.mfc
105815 ../LibriSpeech/dev-other/7697/105815/7697-105815-0007.mfc
105815 ../LibriSpeech/dev-other/7697/105815/7697-105815-0042.mfc
105815 ../LibriSpeech/dev-other/7697/105815/7697-105815-0001.mfc
105815 ../LibriSpeech/dev-other/7697/105815/7697-105815-0022.mfc
105815 ../LibriSpeech/dev-other/7697/105815/7697-105815-0036.mfc
105815 ../LibriSpeech/dev-other/7697/105815/7697-105815-0008.mfc
291468 ../LibriSpeech/dev-other/7601/291468/7601-291468-0007.mfc
291468 ../LibriSpeech/dev-other/7601/291468/7601-291468-0001.mfc
291468 ../LibriSpeech/dev-other/7601/291468/7601-291468-0005.mfc
291468 ../LibriSpeech/dev-other/7601/291468/7601-291468-0003.mfc
291468 ../LibriSpeech/dev-other/7601/291468/7601-291468-0004.mfc
291468 ../LibriSpeech/dev-other/7601/291468/7601-291468-0006.mfc
291468 ../LibriSpeech/dev-other/7601/291468/7601-291468-0000.mfc
64726 ../LibriSpeech/dev-clean/6319/64726/6319-64726-0017.mfc
64726 ../LibriSpeech/dev-clean/6319/64726/6319-64726-0004.mfc
64726 ../LibriSpeech/dev-clean/6319/64726/6319-64726-0020.mfc
64726 ../LibriSpeech/dev-clean/6319/64726/6319-64726-0014.mfc
64726 ../LibriSpeech/dev-clean/6319/64726/6319-64726-0008.mfc
64726 ../LibriSpeech/dev-clean/6319/64726/6319-64726-0000.mfc
64726 ../LibriSpeech/dev-clean/6319/64726/6319-64726-0019.mfc
64726 ../LibriSpeech/dev-clean/6319/64726/6319-64726-0006.mfc
64726 ../LibriSpeech/dev-clean/6319/64726/6319-64726-0009.mfc
64726 ../LibriSpeech/dev-clean/6319/64726/6319-64726-0011.mfc
64726 ../LibriSpeech/dev-clean/6319/64726/6319-64726-0010.mfc
64726 ../LibriSpeech/dev-clean/6319/64726/6319-64726-0015.mfc
64726 ../LibriSpeech/dev-clean/6319/64726/6319-64726-0007.mfc
64726 ../LibriSpeech/dev-clean/6319/64726/6319-64726-0001.mfc
64726 ../LibriSpeech/dev-clean/6319/64726/6319-64726-0018.mfc
64726 ../LibriSpeech/dev-clean/6319/64726/6319-64726-0013.mfc
64726 ../LibriSpeech/dev-clean/6319/64726/6319-64726-0012.mfc
64726 ../LibriSpeech/dev-clean/6319/64726/6319-64726-0005.mfc
64726 ../LibriSpeech/dev-clean/6319/64726/6319-64726-0003.mfc
64726 ../LibriSpeech/dev-clean/6319/64726/6319-64726-0002.mfc
161169 ../LibriSpeech/dev-clean/2803/161169/2803-161169-0010.mfc
161169 ../LibriSpeech/dev-clean/2803/161169/2803-161169-0012.mfc
161169 ../LibriSpeech/dev-clean/2803/161169/2803-161169-0005.mfc
161169 ../LibriSpeech/dev-clean/2803/161169/2803-161169-0014.mfc
161169 ../LibriSpeech/dev-clean/2803/161169/2803-161169-0006.mfc
161169 ../LibriSpeech/dev-clean/2803/161169/2803-161169-0003.mfc
161169 ../LibriSpeech/dev-clean/2803/161169/2803-161169-0008.mfc
161169 ../LibriSpeech/dev-clean/2803/161169/2803-161169-0016.mfc
161169 ../LibriSpeech/dev-clean/2803/161169/2803-161169-0009.mfc
161169 ../LibriSpeech/dev-clean/2803/161169/2803-161169-0011.mfc
161169 ../LibriSpeech/dev-clean/2803/161169/2803-161169-0001.mfc
161169 ../LibriSpeech/dev-clean/2803/161169/2803-161169-0013.mfc
161169 ../LibriSpeech/dev-clean/2803/161169/2803-161169-0015.mfc
161169 ../LibriSpeech/dev-clean/2803/161169/2803-161169-0004.mfc
161169 ../LibriSpeech/dev-clean/2803/161169/2803-161169-0000.mfc
161169 ../LibriSpeech/dev-clean/2803/161169/2803-161169-0002.mfc
161169 ../LibriSpeech/dev-clean/2803/161169/2803-161169-0007.mfc
281318 ../LibriSpeech/dev-clean/7850/281318/7850-281318-0010.mfc
281318 ../LibriSpeech/dev-clean/7850/281318/7850-281318-0008.mfc
281318 ../LibriSpeech/dev-clean/7850/281318/7850-281318-0021.mfc
281318 ../LibriSpeech/dev-clean/7850/281318/7850-281318-0002.mfc
281318 ../LibriSpeech/dev-clean/7850/281318/7850-281318-0020.mfc
281318 ../LibriSpeech/dev-clean/7850/281318/7850-281318-0004.mfc
281318 ../LibriSpeech/dev-clean/7850/281318/7850-281318-0005.mfc
281318 ../LibriSpeech/dev-clean/7850/281318/7850-281318-0016.mfc
281318 ../LibriSpeech/dev-clean/7850/281318/7850-281318-0013.mfc
281318 ../LibriSpeech/dev-clean/7850/281318/7850-281318-0012.mfc
281318 ../LibriSpeech/dev-clean/7850/281318/7850-281318-0006.mfc
281318 ../LibriSpeech/dev-clean/7850/281318/7850-281318-0014.mfc
281318 ../LibriSpeech/dev-clean/7850/281318/7850-281318-0023.mfc
281318 ../LibriSpeech/dev-clean/7850/281318/7850-281318-0009.mfc
281318 ../LibriSpeech/dev-clean/7850/281318/7850-281318-0022.mfc
281318 ../LibriSpeech/dev-clean/7850/281318/7850-281318-0003.mfc
281318 ../LibriSpeech/dev-clean/7850/281318/7850-281318-0019.mfc
281318 ../LibriSpeech/dev-clean/7850/281318/7850-281318-0017.mfc
281318 ../LibriSpeech/dev-clean/7850/281318/7850-281318-0007.mfc
281318 ../LibriSpeech/dev-clean/7850/281318/7850-281318-0018.mfc
281318 ../LibriSpeech/dev-clean/7850/281318/7850-281318-0001.mfc
281318 ../LibriSpeech/dev-clean/7850/281318/7850-281318-0011.mfc
281318 ../LibriSpeech/dev-clean/7850/281318/7850-281318-0000.mfc
24733 ../LibriSpeech/dev-other/4570/24733/4570-24733-0004.mfc
24733 ../LibriSpeech/dev-other/4570/24733/4570-24733-0002.mfc
24733 ../LibriSpeech/dev-other/4570/24733/4570-24733-0003.mfc
24733 ../LibriSpeech/dev-other/4570/24733/4570-24733-0006.mfc
24733 ../LibriSpeech/dev-other/4570/24733/4570-24733-0005.mfc
24733 ../LibriSpeech/dev-other/4570/24733/4570-24733-0007.mfc
24733 ../LibriSpeech/dev-other/4570/24733/4570-24733-0008.mfc
24733 ../LibriSpeech/dev-other/4570/24733/4570-24733-0001.mfc
138058 ../LibriSpeech/dev-clean/3576/138058/3576-138058-0018.mfc
138058 ../LibriSpeech/dev-clean/3576/138058/3576-138058-0034.mfc
138058 ../LibriSpeech/dev-clean/3576/138058/3576-138058-0013.mfc
138058 ../LibriSpeech/dev-clean/3576/138058/3576-138058-0016.mfc
138058 ../LibriSpeech/dev-clean/3576/138058/3576-138058-0036.mfc
138058 ../LibriSpeech/dev-clean/3576/138058/3576-138058-0038.mfc
138058 ../LibriSpeech/dev-clean/3576/138058/3576-138058-0007.mfc
138058 ../LibriSpeech/dev-clean/3576/138058/3576-138058-0039.mfc
138058 ../LibriSpeech/dev-clean/3576/138058/3576-138058-0003.mfc
138058 ../LibriSpeech/dev-clean/3576/138058/3576-138058-0002.mfc
138058 ../LibriSpeech/dev-clean/3576/138058/3576-138058-0040.mfc
138058 ../LibriSpeech/dev-clean/3576/138058/3576-138058-0000.mfc
138058 ../LibriSpeech/dev-clean/3576/138058/3576-138058-0022.mfc
138058 ../LibriSpeech/dev-clean/3576/138058/3576-138058-0029.mfc
138058 ../LibriSpeech/dev-clean/3576/138058/3576-138058-0006.mfc
138058 ../LibriSpeech/dev-clean/3576/138058/3576-138058-0015.mfc
138058 ../LibriSpeech/dev-clean/3576/138058/3576-138058-0004.mfc
138058 ../LibriSpeech/dev-clean/3576/138058/3576-138058-0010.mfc
138058 ../LibriSpeech/dev-clean/3576/138058/3576-138058-0012.mfc
138058 ../LibriSpeech/dev-clean/3576/138058/3576-138058-0025.mfc
138058 ../LibriSpeech/dev-clean/3576/138058/3576-138058-0021.mfc
138058 ../LibriSpeech/dev-clean/3576/138058/3576-138058-0028.mfc
138058 ../LibriSpeech/dev-clean/3576/138058/3576-138058-0011.mfc
138058 ../LibriSpeech/dev-clean/3576/138058/3576-138058-0023.mfc
138058 ../LibriSpeech/dev-clean/3576/138058/3576-138058-0024.mfc
138058 ../LibriSpeech/dev-clean/3576/138058/3576-138058-0026.mfc
138058 ../LibriSpeech/dev-clean/3576/138058/3576-138058-0020.mfc
138058 ../LibriSpeech/dev-clean/3576/138058/3576-138058-0027.mfc
138058 ../LibriSpeech/dev-clean/3576/138058/3576-138058-0009.mfc
138058 ../LibriSpeech/dev-clean/3576/138058/3576-138058-0017.mfc
138058 ../LibriSpeech/dev-clean/3576/138058/3576-138058-0008.mfc
138058 ../LibriSpeech/dev-clean/3576/138058/3576-138058-0001.mfc
138058 ../LibriSpeech/dev-clean/3576/138058/3576-138058-0035.mfc
138058 ../LibriSpeech/dev-clean/3576/138058/3576-138058-0033.mfc
138058 ../LibriSpeech/dev-clean/3576/138058/3576-138058-0037.mfc
138058 ../LibriSpeech/dev-clean/3576/138058/3576-138058-0005.mfc
138058 ../LibriSpeech/dev-clean/3576/138058/3576-138058-0014.mfc
138058 ../LibriSpeech/dev-clean/3576/138058/3576-138058-0032.mfc
138058 ../LibriSpeech/dev-clean/3576/138058/3576-138058-0019.mfc
138058 ../LibriSpeech/dev-clean/3576/138058/3576-138058-0031.mfc
245712 ../LibriSpeech/dev-other/7697/245712/7697-245712-0019.mfc
245712 ../LibriSpeech/dev-other/7697/245712/7697-245712-0009.mfc
245712 ../LibriSpeech/dev-other/7697/245712/7697-245712-0011.mfc
245712 ../LibriSpeech/dev-other/7697/245712/7697-245712-0000.mfc
245712 ../LibriSpeech/dev-other/7697/245712/7697-245712-0010.mfc
245712 ../LibriSpeech/dev-other/7697/245712/7697-245712-0017.mfc
245712 ../LibriSpeech/dev-other/7697/245712/7697-245712-0012.mfc
245712 ../LibriSpeech/dev-other/7697/245712/7697-245712-0006.mfc
245712 ../LibriSpeech/dev-other/7697/245712/7697-245712-0015.mfc
245712 ../LibriSpeech/dev-other/7697/245712/7697-245712-0004.mfc
245712 ../LibriSpeech/dev-other/7697/245712/7697-245712-0016.mfc
245712 ../LibriSpeech/dev-other/7697/245712/7697-245712-0002.mfc
245712 ../LibriSpeech/dev-other/7697/245712/7697-245712-0003.mfc
245712 ../LibriSpeech/dev-other/7697/245712/7697-245712-0018.mfc
245712 ../LibriSpeech/dev-other/7697/245712/7697-245712-0007.mfc
245712 ../LibriSpeech/dev-other/7697/245712/7697-245712-0001.mfc
245712 ../LibriSpeech/dev-other/7697/245712/7697-245712-0014.mfc
245712 ../LibriSpeech/dev-other/7697/245712/7697-245712-0008.mfc
245712 ../LibriSpeech/dev-other/7697/245712/7697-245712-0013.mfc
245712 ../LibriSpeech/dev-other/7697/245712/7697-245712-0020.mfc
